-------------------------------------------------------------------------------
Test set: TestSuite
-------------------------------------------------------------------------------
Tests run: 1, Failures: 1, Errors: 0, Skipped: 0, Time elapsed: 14.251 s <<< FAILURE! - in TestSuite
com.nopcommerce.testCases.TC_LoginTest_001.loginTest  Time elapsed: 8.309 s  <<< FAILURE!
java.lang.AssertionError: expected [true] but found [false]
	at com.nopcommerce.testCases.TC_LoginTest_001.loginTest(TC_LoginTest_001.java:47)

