<?xml version="1.0" encoding="UTF-8"?>
<testng-results ignored="0" total="1" passed="1" failed="0" skipped="0">
  <reporter-output>
  </reporter-output>
  <suite started-at="2022-04-11T18:22:14 MDT" name="seleniumProject" finished-at="2022-04-11T18:22:45 MDT" duration-ms="31208">
    <groups>
      <group name="regression">
        <method signature="TC_LoginTest_001.loginTest()[pri:0, instance:com.seleniumProject.testCases.TC_LoginTest_001@78fa769e]" name="loginTest" class="com.seleniumProject.testCases.TC_LoginTest_001"/>
      </group> <!-- regression -->
      <group name="sanity">
        <method signature="TC_LoginTest_001.loginTest()[pri:0, instance:com.seleniumProject.testCases.TC_LoginTest_001@78fa769e]" name="loginTest" class="com.seleniumProject.testCases.TC_LoginTest_001"/>
      </group> <!-- sanity -->
      <group name="master">
        <method signature="TC_LoginTest_001.loginTest()[pri:0, instance:com.seleniumProject.testCases.TC_LoginTest_001@78fa769e]" name="loginTest" class="com.seleniumProject.testCases.TC_LoginTest_001"/>
      </group> <!-- master -->
    </groups>
    <test started-at="2022-04-11T18:22:14 MDT" name="chromeTest" finished-at="2022-04-11T18:22:45 MDT" duration-ms="31208">
      <class name="com.seleniumProject.testCases.TC_LoginTest_001">
        <test-method is-config="true" signature="setup(java.lang.String)[pri:0, instance:com.seleniumProject.testCases.TC_LoginTest_001@78fa769e]" started-at="2022-04-11T18:22:14 MDT" name="setup" finished-at="2022-04-11T18:22:17 MDT" duration-ms="2817" status="PASS">
          <params>
            <param index="0">
              <value>
                <![CDATA[chrome]]>
              </value>
            </param>
          </params>
          <reporter-output>
          </reporter-output>
        </test-method> <!-- setup -->
        <test-method signature="loginTest()[pri:0, instance:com.seleniumProject.testCases.TC_LoginTest_001@78fa769e]" started-at="2022-04-11T18:22:17 MDT" name="loginTest" finished-at="2022-04-11T18:22:45 MDT" duration-ms="28194" status="PASS">
          <reporter-output>
          </reporter-output>
        </test-method> <!-- loginTest -->
        <test-method is-config="true" signature="tearDown()[pri:0, instance:com.seleniumProject.testCases.TC_LoginTest_001@78fa769e]" started-at="2022-04-11T18:22:45 MDT" name="tearDown" finished-at="2022-04-11T18:22:45 MDT" duration-ms="85" status="PASS">
          <reporter-output>
          </reporter-output>
        </test-method> <!-- tearDown -->
      </class> <!-- com.seleniumProject.testCases.TC_LoginTest_001 -->
    </test> <!-- chromeTest -->
  </suite> <!-- seleniumProject -->
</testng-results>
